{
  "stats": {
    "suites": 1,
    "tests": 8,
    "passes": 8,
    "pending": 0,
    "failures": 0,
    "start": "2023-05-31T13:11:09.876Z",
    "end": "2023-05-31T13:11:12.937Z",
    "duration": 3061,
    "testsRegistered": 8,
    "passPercent": 100,
    "pendingPercent": 0,
    "other": 0,
    "hasOther": false,
    "skipped": 0,
    "hasSkipped": false
  },
  "results": [
    {
      "uuid": "ac7da5cd-00fd-48a1-9d28-67d73539c433",
      "title": "",
      "fullFile": "C:\\Users\\nickd\\repos\\Gorest-api-testing-project2\\test\\negatives.js",
      "file": "\\test\\negatives.js",
      "beforeHooks": [],
      "afterHooks": [],
      "tests": [],
      "suites": [
        {
          "uuid": "5d3ddae8-3e6b-4204-ae27-8d5be7365c03",
          "title": "Negative tests for all routes",
          "fullFile": "C:\\Users\\nickd\\repos\\Gorest-api-testing-project2\\test\\negatives.js",
          "file": "\\test\\negatives.js",
          "beforeHooks": [],
          "afterHooks": [],
          "tests": [
            {
              "title": "GET /posts/:id | Negative",
              "fullTitle": "Negative tests for all routes GET /posts/:id | Negative",
              "timedOut": false,
              "duration": 362,
              "state": "passed",
              "speed": "slow",
              "pass": true,
              "fail": false,
              "pending": false,
              "context": null,
              "code": "var self = this,\n  args = arguments;\nreturn new Promise(function (resolve, reject) {\n  var gen = fn.apply(self, args);\n  function _next(value) {\n    asyncGeneratorStep(gen, resolve, reject, _next, _throw, \"next\", value);\n  }\n  function _throw(err) {\n    asyncGeneratorStep(gen, resolve, reject, _next, _throw, \"throw\", err);\n  }\n  _next(undefined);\n});",
              "err": {},
              "uuid": "abc583db-4070-4d07-b89b-ecf71599ec2d",
              "parentUUID": "5d3ddae8-3e6b-4204-ae27-8d5be7365c03",
              "isHook": false,
              "skipped": false
            },
            {
              "title": "DELETE /posts/:id | Negative",
              "fullTitle": "Negative tests for all routes DELETE /posts/:id | Negative",
              "timedOut": false,
              "duration": 281,
              "state": "passed",
              "speed": "slow",
              "pass": true,
              "fail": false,
              "pending": false,
              "context": null,
              "code": "var self = this,\n  args = arguments;\nreturn new Promise(function (resolve, reject) {\n  var gen = fn.apply(self, args);\n  function _next(value) {\n    asyncGeneratorStep(gen, resolve, reject, _next, _throw, \"next\", value);\n  }\n  function _throw(err) {\n    asyncGeneratorStep(gen, resolve, reject, _next, _throw, \"throw\", err);\n  }\n  _next(undefined);\n});",
              "err": {},
              "uuid": "809690e6-64c3-4756-8984-03d7c491737b",
              "parentUUID": "5d3ddae8-3e6b-4204-ae27-8d5be7365c03",
              "isHook": false,
              "skipped": false
            },
            {
              "title": "POST /users | Negative",
              "fullTitle": "Negative tests for all routes POST /users | Negative",
              "timedOut": false,
              "duration": 621,
              "state": "passed",
              "speed": "slow",
              "pass": true,
              "fail": false,
              "pending": false,
              "context": null,
              "code": "var self = this,\n  args = arguments;\nreturn new Promise(function (resolve, reject) {\n  var gen = fn.apply(self, args);\n  function _next(value) {\n    asyncGeneratorStep(gen, resolve, reject, _next, _throw, \"next\", value);\n  }\n  function _throw(err) {\n    asyncGeneratorStep(gen, resolve, reject, _next, _throw, \"throw\", err);\n  }\n  _next(undefined);\n});",
              "err": {},
              "uuid": "a685931c-e220-48eb-8a64-8808bfa92d68",
              "parentUUID": "5d3ddae8-3e6b-4204-ae27-8d5be7365c03",
              "isHook": false,
              "skipped": false
            },
            {
              "title": "PUT /users/:id | Negative",
              "fullTitle": "Negative tests for all routes PUT /users/:id | Negative",
              "timedOut": false,
              "duration": 303,
              "state": "passed",
              "speed": "slow",
              "pass": true,
              "fail": false,
              "pending": false,
              "context": null,
              "code": "var self = this,\n  args = arguments;\nreturn new Promise(function (resolve, reject) {\n  var gen = fn.apply(self, args);\n  function _next(value) {\n    asyncGeneratorStep(gen, resolve, reject, _next, _throw, \"next\", value);\n  }\n  function _throw(err) {\n    asyncGeneratorStep(gen, resolve, reject, _next, _throw, \"throw\", err);\n  }\n  _next(undefined);\n});",
              "err": {},
              "uuid": "120be99b-70a0-4118-be88-173a2b3fc651",
              "parentUUID": "5d3ddae8-3e6b-4204-ae27-8d5be7365c03",
              "isHook": false,
              "skipped": false
            },
            {
              "title": "Get /comments/:id | Negative",
              "fullTitle": "Negative tests for all routes Get /comments/:id | Negative",
              "timedOut": false,
              "duration": 279,
              "state": "passed",
              "speed": "slow",
              "pass": true,
              "fail": false,
              "pending": false,
              "context": null,
              "code": "var self = this,\n  args = arguments;\nreturn new Promise(function (resolve, reject) {\n  var gen = fn.apply(self, args);\n  function _next(value) {\n    asyncGeneratorStep(gen, resolve, reject, _next, _throw, \"next\", value);\n  }\n  function _throw(err) {\n    asyncGeneratorStep(gen, resolve, reject, _next, _throw, \"throw\", err);\n  }\n  _next(undefined);\n});",
              "err": {},
              "uuid": "bfb4e70b-e50d-4ba8-bf02-ed3a241ed101",
              "parentUUID": "5d3ddae8-3e6b-4204-ae27-8d5be7365c03",
              "isHook": false,
              "skipped": false
            },
            {
              "title": "PATCH /comments/:id | Negative",
              "fullTitle": "Negative tests for all routes PATCH /comments/:id | Negative",
              "timedOut": false,
              "duration": 331,
              "state": "passed",
              "speed": "slow",
              "pass": true,
              "fail": false,
              "pending": false,
              "context": null,
              "code": "var self = this,\n  args = arguments;\nreturn new Promise(function (resolve, reject) {\n  var gen = fn.apply(self, args);\n  function _next(value) {\n    asyncGeneratorStep(gen, resolve, reject, _next, _throw, \"next\", value);\n  }\n  function _throw(err) {\n    asyncGeneratorStep(gen, resolve, reject, _next, _throw, \"throw\", err);\n  }\n  _next(undefined);\n});",
              "err": {},
              "uuid": "10be3560-0525-4369-912c-dfc46e6504bb",
              "parentUUID": "5d3ddae8-3e6b-4204-ae27-8d5be7365c03",
              "isHook": false,
              "skipped": false
            },
            {
              "title": "DELETE /todos/:id | Negative",
              "fullTitle": "Negative tests for all routes DELETE /todos/:id | Negative",
              "timedOut": false,
              "duration": 276,
              "state": "passed",
              "speed": "slow",
              "pass": true,
              "fail": false,
              "pending": false,
              "context": null,
              "code": "var self = this,\n  args = arguments;\nreturn new Promise(function (resolve, reject) {\n  var gen = fn.apply(self, args);\n  function _next(value) {\n    asyncGeneratorStep(gen, resolve, reject, _next, _throw, \"next\", value);\n  }\n  function _throw(err) {\n    asyncGeneratorStep(gen, resolve, reject, _next, _throw, \"throw\", err);\n  }\n  _next(undefined);\n});",
              "err": {},
              "uuid": "f8208124-558a-45b1-9e52-b0607b80805c",
              "parentUUID": "5d3ddae8-3e6b-4204-ae27-8d5be7365c03",
              "isHook": false,
              "skipped": false
            },
            {
              "title": "POST /todos | Negative",
              "fullTitle": "Negative tests for all routes POST /todos | Negative",
              "timedOut": false,
              "duration": 602,
              "state": "passed",
              "speed": "slow",
              "pass": true,
              "fail": false,
              "pending": false,
              "context": null,
              "code": "var self = this,\n  args = arguments;\nreturn new Promise(function (resolve, reject) {\n  var gen = fn.apply(self, args);\n  function _next(value) {\n    asyncGeneratorStep(gen, resolve, reject, _next, _throw, \"next\", value);\n  }\n  function _throw(err) {\n    asyncGeneratorStep(gen, resolve, reject, _next, _throw, \"throw\", err);\n  }\n  _next(undefined);\n});",
              "err": {},
              "uuid": "0f97d50e-0cf2-4d85-998d-0c9953fe3e24",
              "parentUUID": "5d3ddae8-3e6b-4204-ae27-8d5be7365c03",
              "isHook": false,
              "skipped": false
            }
          ],
          "suites": [],
          "passes": [
            "abc583db-4070-4d07-b89b-ecf71599ec2d",
            "809690e6-64c3-4756-8984-03d7c491737b",
            "a685931c-e220-48eb-8a64-8808bfa92d68",
            "120be99b-70a0-4118-be88-173a2b3fc651",
            "bfb4e70b-e50d-4ba8-bf02-ed3a241ed101",
            "10be3560-0525-4369-912c-dfc46e6504bb",
            "f8208124-558a-45b1-9e52-b0607b80805c",
            "0f97d50e-0cf2-4d85-998d-0c9953fe3e24"
          ],
          "failures": [],
          "pending": [],
          "skipped": [],
          "duration": 3055,
          "root": false,
          "rootEmpty": false,
          "_timeout": 0
        }
      ],
      "passes": [],
      "failures": [],
      "pending": [],
      "skipped": [],
      "duration": 0,
      "root": true,
      "rootEmpty": true,
      "_timeout": 0
    }
  ],
  "meta": {
    "mocha": {
      "version": "10.2.0"
    },
    "mochawesome": {
      "options": {
        "quiet": false,
        "reportFilename": "mochawesome",
        "saveHtml": true,
        "saveJson": true,
        "consoleReporter": "spec",
        "useInlineDiffs": false,
        "code": true
      },
      "version": "7.1.3"
    },
    "marge": {
      "options": null,
      "version": "6.2.0"
    }
  }
}