{
  "stats": {
    "suites": 1,
    "tests": 5,
    "passes": 5,
    "pending": 0,
    "failures": 0,
    "start": "2023-05-30T18:43:16.021Z",
    "end": "2023-05-30T18:43:19.697Z",
    "duration": 3676,
    "testsRegistered": 5,
    "passPercent": 100,
    "pendingPercent": 0,
    "other": 0,
    "hasOther": false,
    "skipped": 0,
    "hasSkipped": false
  },
  "results": [
    {
      "uuid": "eb302b88-5495-4ab6-ab8e-18aabff43e18",
      "title": "",
      "fullFile": "/Users/guest_admin/TestVerktygLessons/Gorest-api-testing-project2/test/todos.js",
      "file": "/test/todos.js",
      "beforeHooks": [],
      "afterHooks": [],
      "tests": [],
      "suites": [
        {
          "uuid": "7699a856-dec5-4fb7-b743-f1e01279e0a9",
          "title": "/todos route",
          "fullFile": "/Users/guest_admin/TestVerktygLessons/Gorest-api-testing-project2/test/todos.js",
          "file": "/test/todos.js",
          "beforeHooks": [
            {
              "title": "\"before all\" hook in \"/todos route\"",
              "fullTitle": "/todos route \"before all\" hook in \"/todos route\"",
              "timedOut": false,
              "duration": 666,
              "state": null,
              "speed": null,
              "pass": false,
              "fail": false,
              "pending": false,
              "context": null,
              "code": "var self = this,\n  args = arguments;\nreturn new Promise(function (resolve, reject) {\n  var gen = fn.apply(self, args);\n  function _next(value) {\n    asyncGeneratorStep(gen, resolve, reject, _next, _throw, \"next\", value);\n  }\n  function _throw(err) {\n    asyncGeneratorStep(gen, resolve, reject, _next, _throw, \"throw\", err);\n  }\n  _next(undefined);\n});",
              "err": {},
              "uuid": "393e4fc8-09a5-45bb-86ab-1e50fc4440cd",
              "parentUUID": "7699a856-dec5-4fb7-b743-f1e01279e0a9",
              "isHook": true,
              "skipped": false
            }
          ],
          "afterHooks": [],
          "tests": [
            {
              "title": "GET /todos",
              "fullTitle": "/todos route GET /todos",
              "timedOut": false,
              "duration": 843,
              "state": "passed",
              "speed": "slow",
              "pass": true,
              "fail": false,
              "pending": false,
              "context": null,
              "code": "var self = this,\n  args = arguments;\nreturn new Promise(function (resolve, reject) {\n  var gen = fn.apply(self, args);\n  function _next(value) {\n    asyncGeneratorStep(gen, resolve, reject, _next, _throw, \"next\", value);\n  }\n  function _throw(err) {\n    asyncGeneratorStep(gen, resolve, reject, _next, _throw, \"throw\", err);\n  }\n  _next(undefined);\n});",
              "err": {},
              "uuid": "74c45a5b-8c18-4e2b-9089-e506b8eb1d91",
              "parentUUID": "7699a856-dec5-4fb7-b743-f1e01279e0a9",
              "isHook": false,
              "skipped": false
            },
            {
              "title": "GET /todos | Query parameters - get completed todos",
              "fullTitle": "/todos route GET /todos | Query parameters - get completed todos",
              "timedOut": false,
              "duration": 382,
              "state": "passed",
              "speed": "slow",
              "pass": true,
              "fail": false,
              "pending": false,
              "context": null,
              "code": "var self = this,\n  args = arguments;\nreturn new Promise(function (resolve, reject) {\n  var gen = fn.apply(self, args);\n  function _next(value) {\n    asyncGeneratorStep(gen, resolve, reject, _next, _throw, \"next\", value);\n  }\n  function _throw(err) {\n    asyncGeneratorStep(gen, resolve, reject, _next, _throw, \"throw\", err);\n  }\n  _next(undefined);\n});",
              "err": {},
              "uuid": "91531345-e9b0-47a7-88db-ddb1389759c4",
              "parentUUID": "7699a856-dec5-4fb7-b743-f1e01279e0a9",
              "isHook": false,
              "skipped": false
            },
            {
              "title": "POST /todos",
              "fullTitle": "/todos route POST /todos",
              "timedOut": false,
              "duration": 714,
              "state": "passed",
              "speed": "slow",
              "pass": true,
              "fail": false,
              "pending": false,
              "context": null,
              "code": "var self = this,\n  args = arguments;\nreturn new Promise(function (resolve, reject) {\n  var gen = fn.apply(self, args);\n  function _next(value) {\n    asyncGeneratorStep(gen, resolve, reject, _next, _throw, \"next\", value);\n  }\n  function _throw(err) {\n    asyncGeneratorStep(gen, resolve, reject, _next, _throw, \"throw\", err);\n  }\n  _next(undefined);\n});",
              "err": {},
              "uuid": "7458e31f-b17c-4999-b08c-b2729aaa7012",
              "parentUUID": "7699a856-dec5-4fb7-b743-f1e01279e0a9",
              "isHook": false,
              "skipped": false
            },
            {
              "title": "GET /todos/:id | User just created",
              "fullTitle": "/todos route GET /todos/:id | User just created",
              "timedOut": false,
              "duration": 335,
              "state": "passed",
              "speed": "slow",
              "pass": true,
              "fail": false,
              "pending": false,
              "context": null,
              "code": "var self = this,\n  args = arguments;\nreturn new Promise(function (resolve, reject) {\n  var gen = fn.apply(self, args);\n  function _next(value) {\n    asyncGeneratorStep(gen, resolve, reject, _next, _throw, \"next\", value);\n  }\n  function _throw(err) {\n    asyncGeneratorStep(gen, resolve, reject, _next, _throw, \"throw\", err);\n  }\n  _next(undefined);\n});",
              "err": {},
              "uuid": "e954a26c-212c-4eb3-bb7e-a6251729ede7",
              "parentUUID": "7699a856-dec5-4fb7-b743-f1e01279e0a9",
              "isHook": false,
              "skipped": false
            },
            {
              "title": "DELETE /todos/:id",
              "fullTitle": "/todos route DELETE /todos/:id",
              "timedOut": false,
              "duration": 726,
              "state": "passed",
              "speed": "slow",
              "pass": true,
              "fail": false,
              "pending": false,
              "context": null,
              "code": "var self = this,\n  args = arguments;\nreturn new Promise(function (resolve, reject) {\n  var gen = fn.apply(self, args);\n  function _next(value) {\n    asyncGeneratorStep(gen, resolve, reject, _next, _throw, \"next\", value);\n  }\n  function _throw(err) {\n    asyncGeneratorStep(gen, resolve, reject, _next, _throw, \"throw\", err);\n  }\n  _next(undefined);\n});",
              "err": {},
              "uuid": "d122c852-8ab4-4fb4-9d2f-7a5bf9554567",
              "parentUUID": "7699a856-dec5-4fb7-b743-f1e01279e0a9",
              "isHook": false,
              "skipped": false
            }
          ],
          "suites": [],
          "passes": [
            "74c45a5b-8c18-4e2b-9089-e506b8eb1d91",
            "91531345-e9b0-47a7-88db-ddb1389759c4",
            "7458e31f-b17c-4999-b08c-b2729aaa7012",
            "e954a26c-212c-4eb3-bb7e-a6251729ede7",
            "d122c852-8ab4-4fb4-9d2f-7a5bf9554567"
          ],
          "failures": [],
          "pending": [],
          "skipped": [],
          "duration": 3000,
          "root": false,
          "rootEmpty": false,
          "_timeout": 0
        }
      ],
      "passes": [],
      "failures": [],
      "pending": [],
      "skipped": [],
      "duration": 0,
      "root": true,
      "rootEmpty": true,
      "_timeout": 0
    }
  ],
  "meta": {
    "mocha": {
      "version": "10.2.0"
    },
    "mochawesome": {
      "options": {
        "quiet": false,
        "reportFilename": "mochawesome",
        "saveHtml": true,
        "saveJson": true,
        "consoleReporter": "spec",
        "useInlineDiffs": false,
        "code": true
      },
      "version": "7.1.3"
    },
    "marge": {
      "options": null,
      "version": "6.2.0"
    }
  }
}